<?xml version="1.0" encoding="UTF-8"?>
<!-- Generated by org.testng.reporters.JUnitXMLReporter -->
<testsuite ignored="0" hostname="DESKTOP-721AVD6" failures="0" tests="5" name="Test" time="35.871" errors="0" timestamp="2024-07-27T15:29:49 IST">
  <testcase classname="com.GroupExcutionclass.Alluarjun" name="excuteScript" time="7.325"/>
  <testcase classname="com.GroupExcutionclass.Vickykausal" name="excuteScript" time="5.877"/>
  <testcase classname="com.GroupExcutionclass.puneeth" name="excuteScript" time="6.656"/>
  <testcase classname="com.GroupExcutionclass.yash" name="excuteScript" time="7.864"/>
  <testcase classname="com.GroupExcutionclass.MAheshbabu" name="excuteScript" time="8.058"/>
</testsuite> <!-- Test -->
